{"/Users/mo/Desktop/Projects/venue-player-v0.2/client/src/App.js": {"path":"/Users/mo/Desktop/Projects/venue-player-v0.2/client/src/App.js","statementMap":{"0":{"start":{"line":1,"column":13},"end":{"line":1,"column":75}},"1":{"start":{"line":1,"column":94},"end":{"line":1,"column":158}},"2":{"start":{"line":1,"column":172},"end":{"line":1,"column":188}},"3":{"start":{"line":1,"column":203},"end":{"line":1,"column":233}},"4":{"start":{"line":2,"column":22},"end":{"line":2,"column":49}},"5":{"start":{"line":3,"column":0},"end":{"line":3,"column":21}},"6":{"start":{"line":4,"column":18},"end":{"line":4,"column":40}},"7":{"start":{"line":5,"column":13},"end":{"line":5,"column":29}},"8":{"start":{"line":5,"column":44},"end":{"line":5,"column":74}},"9":{"start":{"line":6,"column":23},"end":{"line":6,"column":52}},"10":{"start":{"line":6,"column":77},"end":{"line":6,"column":117}},"11":{"start":{"line":7,"column":14},"end":{"line":7,"column":51}},"12":{"start":{"line":7,"column":67},"end":{"line":7,"column":98}},"13":{"start":{"line":8,"column":14},"end":{"line":8,"column":51}},"14":{"start":{"line":8,"column":67},"end":{"line":8,"column":98}},"15":{"start":{"line":9,"column":15},"end":{"line":9,"column":54}},"16":{"start":{"line":9,"column":71},"end":{"line":9,"column":103}},"17":{"start":{"line":10,"column":15},"end":{"line":10,"column":54}},"18":{"start":{"line":10,"column":71},"end":{"line":10,"column":103}},"19":{"start":{"line":11,"column":14},"end":{"line":11,"column":51}},"20":{"start":{"line":11,"column":67},"end":{"line":11,"column":98}},"21":{"start":{"line":12,"column":16},"end":{"line":12,"column":57}},"22":{"start":{"line":12,"column":75},"end":{"line":12,"column":108}},"23":{"start":{"line":13,"column":19},"end":{"line":13,"column":51}},"24":{"start":{"line":13,"column":90},"end":{"line":13,"column":144}},"25":{"start":{"line":22,"column":17},"end":{"line":24,"column":39}},"26":{"start":{"line":25,"column":19},"end":{"line":25,"column":50}},"27":{"start":{"line":29,"column":4},"end":{"line":29,"column":12}},"28":{"start":{"line":29,"column":12},"end":{"line":57,"column":6}},"29":{"start":{"line":54,"column":6},"end":{"line":54,"column":84}},"30":{"start":{"line":55,"column":6},"end":{"line":55,"column":66}},"31":{"start":{"line":56,"column":6},"end":{"line":56,"column":74}},"32":{"start":{"line":57,"column":6},"end":{"line":61,"column":6}},"33":{"start":{"line":60,"column":6},"end":{"line":60,"column":75}},"34":{"start":{"line":61,"column":6},"end":{"line":61,"column":40}},"35":{"start":{"line":61,"column":62},"end":{"line":61,"column":271}},"36":{"start":{"line":61,"column":105},"end":{"line":61,"column":141}},"37":{"start":{"line":61,"column":141},"end":{"line":61,"column":178}},"38":{"start":{"line":61,"column":195},"end":{"line":61,"column":212}},"39":{"start":{"line":61,"column":212},"end":{"line":61,"column":268}},"40":{"start":{"line":61,"column":230},"end":{"line":61,"column":259}},"41":{"start":{"line":71,"column":4},"end":{"line":71,"column":19}},"42":{"start":{"line":71,"column":29},"end":{"line":71,"column":43}},"43":{"start":{"line":71,"column":53},"end":{"line":71,"column":71}},"44":{"start":{"line":71,"column":82},"end":{"line":71,"column":101}},"45":{"start":{"line":71,"column":111},"end":{"line":71,"column":129}},"46":{"start":{"line":71,"column":136},"end":{"line":71,"column":151}},"47":{"start":{"line":71,"column":165},"end":{"line":71,"column":187}},"48":{"start":{"line":73,"column":4},"end":{"line":116,"column":5}},"49":{"start":{"line":74,"column":6},"end":{"line":74,"column":158}},"50":{"start":{"line":76,"column":6},"end":{"line":109,"column":181}},"51":{"start":{"line":91,"column":22},"end":{"line":97,"column":142}},"52":{"start":{"line":102,"column":22},"end":{"line":106,"column":129}},"53":{"start":{"line":120,"column":27},"end":{"line":127,"column":37}},"54":{"start":{"line":130,"column":24},"end":{"line":131,"column":21}},"55":{"start":{"line":130,"column":34},"end":{"line":131,"column":20}},"56":{"start":{"line":131,"column":22},"end":{"line":134,"column":100}}},"fnMap":{"0":{"name":"_interopRequireDefault","decl":{"start":{"line":13,"column":61},"end":{"line":13,"column":83}},"loc":{"start":{"line":13,"column":89},"end":{"line":13,"column":145}},"line":13},"1":{"name":"(anonymous_1)","decl":{"start":{"line":28,"column":2},"end":{"line":28,"column":3}},"loc":{"start":{"line":28,"column":16},"end":{"line":61,"column":41}},"line":28},"2":{"name":"(anonymous_2)","decl":{"start":{"line":53,"column":19},"end":{"line":53,"column":20}},"loc":{"start":{"line":53,"column":25},"end":{"line":57,"column":5}},"line":53},"3":{"name":"(anonymous_3)","decl":{"start":{"line":59,"column":16},"end":{"line":59,"column":17}},"loc":{"start":{"line":59,"column":22},"end":{"line":61,"column":5}},"line":59},"4":{"name":"(anonymous_4)","decl":{"start":{"line":61,"column":41},"end":{"line":61,"column":42}},"loc":{"start":{"line":61,"column":61},"end":{"line":61,"column":272}},"line":61},"5":{"name":"(anonymous_5)","decl":{"start":{"line":61,"column":97},"end":{"line":61,"column":98}},"loc":{"start":{"line":61,"column":104},"end":{"line":61,"column":179}},"line":61},"6":{"name":"(anonymous_6)","decl":{"start":{"line":61,"column":187},"end":{"line":61,"column":188}},"loc":{"start":{"line":61,"column":194},"end":{"line":61,"column":269}},"line":61},"7":{"name":"(anonymous_7)","decl":{"start":{"line":61,"column":223},"end":{"line":61,"column":224}},"loc":{"start":{"line":61,"column":229},"end":{"line":61,"column":260}},"line":61},"8":{"name":"(anonymous_8)","decl":{"start":{"line":63,"column":2},"end":{"line":63,"column":3}},"loc":{"start":{"line":63,"column":11},"end":{"line":117,"column":3}},"line":63},"9":{"name":"(anonymous_9)","decl":{"start":{"line":90,"column":28},"end":{"line":90,"column":29}},"loc":{"start":{"line":90,"column":37},"end":{"line":98,"column":21}},"line":90},"10":{"name":"(anonymous_10)","decl":{"start":{"line":101,"column":28},"end":{"line":101,"column":29}},"loc":{"start":{"line":101,"column":37},"end":{"line":108,"column":21}},"line":101},"11":{"name":"(anonymous_11)","decl":{"start":{"line":130,"column":24},"end":{"line":130,"column":25}},"loc":{"start":{"line":130,"column":34},"end":{"line":131,"column":20}},"line":130}},"branchMap":{"0":{"loc":{"start":{"line":13,"column":97},"end":{"line":13,"column":143}},"type":"cond-expr","locations":[{"start":{"line":13,"column":121},"end":{"line":13,"column":124}},{"start":{"line":13,"column":127},"end":{"line":13,"column":143}}],"line":13},"1":{"loc":{"start":{"line":13,"column":97},"end":{"line":13,"column":118}},"type":"binary-expr","locations":[{"start":{"line":13,"column":97},"end":{"line":13,"column":100}},{"start":{"line":13,"column":104},"end":{"line":13,"column":118}}],"line":13},"2":{"loc":{"start":{"line":22,"column":17},"end":{"line":24,"column":39}},"type":"cond-expr","locations":[{"start":{"line":23,"column":0},"end":{"line":23,"column":27}},{"start":{"line":24,"column":0},"end":{"line":24,"column":39}}],"line":22},"3":{"loc":{"start":{"line":73,"column":4},"end":{"line":116,"column":5}},"type":"if","locations":[{"start":{"line":73,"column":4},"end":{"line":116,"column":5}},{"start":{"line":73,"column":4},"end":{"line":116,"column":5}}],"line":73}},"s":{"0":0,"1":0,"2":0,"3":0,"4":0,"5":0,"6":0,"7":0,"8":0,"9":0,"10":0,"11":0,"12":0,"13":0,"14":0,"15":0,"16":0,"17":0,"18":0,"19":0,"20":0,"21":0,"22":0,"23":0,"24":0,"25":0,"26":0,"27":0,"28":0,"29":0,"30":0,"31":0,"32":0,"33":0,"34":0,"35":0,"36":0,"37":0,"38":0,"39":0,"40":0,"41":0,"42":0,"43":0,"44":0,"45":0,"46":0,"47":0,"48":0,"49":0,"50":0,"51":0,"52":0,"53":0,"54":0,"55":0,"56":0},"f":{"0":0,"1":0,"2":0,"3":0,"4":0,"5":0,"6":0,"7":0,"8":0,"9":0,"10":0,"11":0},"b":{"0":[0,0],"1":[0,0],"2":[0,0],"3":[0,0]}}
,"/Users/mo/Desktop/Projects/venue-player-v0.2/client/src/index.js": {"path":"/Users/mo/Desktop/Projects/venue-player-v0.2/client/src/index.js","statementMap":{"0":{"start":{"line":1,"column":32},"end":{"line":1,"column":98}},"1":{"start":{"line":1,"column":112},"end":{"line":1,"column":128}},"2":{"start":{"line":1,"column":143},"end":{"line":1,"column":173}},"3":{"start":{"line":2,"column":16},"end":{"line":2,"column":36}},"4":{"start":{"line":2,"column":54},"end":{"line":2,"column":87}},"5":{"start":{"line":3,"column":11},"end":{"line":3,"column":27}},"6":{"start":{"line":3,"column":40},"end":{"line":3,"column":68}},"7":{"start":{"line":4,"column":18},"end":{"line":4,"column":40}},"8":{"start":{"line":5,"column":22},"end":{"line":5,"column":49}},"9":{"start":{"line":6,"column":13},"end":{"line":6,"column":31}},"10":{"start":{"line":6,"column":46},"end":{"line":6,"column":76}},"11":{"start":{"line":7,"column":0},"end":{"line":7,"column":23}},"12":{"start":{"line":7,"column":61},"end":{"line":7,"column":115}},"13":{"start":{"line":10,"column":0},"end":{"line":16,"column":33}}},"fnMap":{"0":{"name":"_interopRequireDefault","decl":{"start":{"line":7,"column":32},"end":{"line":7,"column":54}},"loc":{"start":{"line":7,"column":60},"end":{"line":7,"column":116}},"line":7}},"branchMap":{"0":{"loc":{"start":{"line":7,"column":68},"end":{"line":7,"column":114}},"type":"cond-expr","locations":[{"start":{"line":7,"column":92},"end":{"line":7,"column":95}},{"start":{"line":7,"column":98},"end":{"line":7,"column":114}}],"line":7},"1":{"loc":{"start":{"line":7,"column":68},"end":{"line":7,"column":89}},"type":"binary-expr","locations":[{"start":{"line":7,"column":68},"end":{"line":7,"column":71}},{"start":{"line":7,"column":75},"end":{"line":7,"column":89}}],"line":7}},"s":{"0":0,"1":0,"2":0,"3":0,"4":0,"5":0,"6":0,"7":0,"8":0,"9":0,"10":0,"11":0,"12":0,"13":0},"f":{"0":0},"b":{"0":[0,0],"1":[0,0]}}
,"/Users/mo/Desktop/Projects/venue-player-v0.2/client/src/store.js": {"path":"/Users/mo/Desktop/Projects/venue-player-v0.2/client/src/store.js","statementMap":{"0":{"start":{"line":1,"column":13},"end":{"line":1,"column":75}},"1":{"start":{"line":1,"column":88},"end":{"line":1,"column":104}},"2":{"start":{"line":2,"column":18},"end":{"line":2,"column":40}},"3":{"start":{"line":2,"column":60},"end":{"line":2,"column":95}},"4":{"start":{"line":3,"column":16},"end":{"line":3,"column":37}},"5":{"start":{"line":3,"column":55},"end":{"line":3,"column":88}},"6":{"start":{"line":4,"column":30},"end":{"line":4,"column":65}},"7":{"start":{"line":4,"column":104},"end":{"line":4,"column":158}},"8":{"start":{"line":7,"column":21},"end":{"line":7,"column":23}},"9":{"start":{"line":9,"column":19},"end":{"line":9,"column":41}},"10":{"start":{"line":11,"column":14},"end":{"line":12,"column":44}},"11":{"start":{"line":12,"column":45},"end":{"line":15,"column":6}}},"fnMap":{"0":{"name":"_interopRequireDefault","decl":{"start":{"line":4,"column":75},"end":{"line":4,"column":97}},"loc":{"start":{"line":4,"column":103},"end":{"line":4,"column":159}},"line":4}},"branchMap":{"0":{"loc":{"start":{"line":4,"column":111},"end":{"line":4,"column":157}},"type":"cond-expr","locations":[{"start":{"line":4,"column":135},"end":{"line":4,"column":138}},{"start":{"line":4,"column":141},"end":{"line":4,"column":157}}],"line":4},"1":{"loc":{"start":{"line":4,"column":111},"end":{"line":4,"column":132}},"type":"binary-expr","locations":[{"start":{"line":4,"column":111},"end":{"line":4,"column":114}},{"start":{"line":4,"column":118},"end":{"line":4,"column":132}}],"line":4}},"s":{"0":0,"1":0,"2":0,"3":0,"4":0,"5":0,"6":0,"7":0,"8":0,"9":0,"10":0,"11":0},"f":{"0":0},"b":{"0":[0,0],"1":[0,0]}}
,"/Users/mo/Desktop/Projects/venue-player-v0.2/client/src/__test__/functions/functions.js": {"path":"/Users/mo/Desktop/Projects/venue-player-v0.2/client/src/__test__/functions/functions.js","statementMap":{"0":{"start":{"line":1,"column":14},"end":{"line":1,"column":30}},"1":{"start":{"line":3,"column":18},"end":{"line":10,"column":1}},"2":{"start":{"line":4,"column":17},"end":{"line":4,"column":22}},"3":{"start":{"line":6,"column":4},"end":{"line":9,"column":28}},"4":{"start":{"line":8,"column":19},"end":{"line":8,"column":27}},"5":{"start":{"line":9,"column":20},"end":{"line":9,"column":27}},"6":{"start":{"line":12,"column":0},"end":{"line":12,"column":26}}},"fnMap":{"0":{"name":"(anonymous_0)","decl":{"start":{"line":4,"column":7},"end":{"line":4,"column":8}},"loc":{"start":{"line":4,"column":17},"end":{"line":4,"column":22}},"line":4},"1":{"name":"(anonymous_1)","decl":{"start":{"line":5,"column":13},"end":{"line":5,"column":14}},"loc":{"start":{"line":6,"column":4},"end":{"line":9,"column":28}},"line":6},"2":{"name":"(anonymous_2)","decl":{"start":{"line":8,"column":12},"end":{"line":8,"column":13}},"loc":{"start":{"line":8,"column":19},"end":{"line":8,"column":27}},"line":8},"3":{"name":"(anonymous_3)","decl":{"start":{"line":9,"column":13},"end":{"line":9,"column":14}},"loc":{"start":{"line":9,"column":20},"end":{"line":9,"column":27}},"line":9}},"branchMap":{},"s":{"0":1,"1":1,"2":1,"3":1,"4":1,"5":0,"6":1},"f":{"0":1,"1":1,"2":1,"3":0},"b":{},"_coverageSchema":"332fd63041d2c1bcb487cc26dd0d5f7d97098a6c","hash":"50ce438dfe7c91703f4e691202d9bde08606ddaf"}
,"/Users/mo/Desktop/Projects/venue-player-v0.2/client/src/actions/mainActions.js": {"path":"/Users/mo/Desktop/Projects/venue-player-v0.2/client/src/actions/mainActions.js","statementMap":{"0":{"start":{"line":1,"column":13},"end":{"line":1,"column":75}},"1":{"start":{"line":1,"column":75},"end":{"line":1,"column":298}},"2":{"start":{"line":1,"column":321},"end":{"line":1,"column":350}},"3":{"start":{"line":1,"column":375},"end":{"line":1,"column":415}},"4":{"start":{"line":2,"column":13},"end":{"line":2,"column":29}},"5":{"start":{"line":2,"column":44},"end":{"line":2,"column":74}},"6":{"start":{"line":3,"column":13},"end":{"line":3,"column":40}},"7":{"start":{"line":3,"column":79},"end":{"line":3,"column":133}},"8":{"start":{"line":15,"column":17},"end":{"line":15,"column":127}},"9":{"start":{"line":17,"column":19},"end":{"line":17,"column":50}},"10":{"start":{"line":19,"column":21},"end":{"line":24,"column":1}},"11":{"start":{"line":19,"column":53},"end":{"line":24,"column":1}},"12":{"start":{"line":20,"column":2},"end":{"line":22,"column":22}},"13":{"start":{"line":26,"column":21},"end":{"line":45,"column":1}},"14":{"start":{"line":26,"column":54},"end":{"line":45,"column":1}},"15":{"start":{"line":27,"column":2},"end":{"line":44,"column":5}},"16":{"start":{"line":29,"column":4},"end":{"line":31,"column":37}},"17":{"start":{"line":34,"column":4},"end":{"line":43,"column":5}},"18":{"start":{"line":35,"column":6},"end":{"line":42,"column":42}},"19":{"start":{"line":37,"column":8},"end":{"line":37,"column":44}},"20":{"start":{"line":38,"column":8},"end":{"line":40,"column":31}},"21":{"start":{"line":42,"column":22},"end":{"line":42,"column":40}},"22":{"start":{"line":47,"column":20},"end":{"line":95,"column":1}},"23":{"start":{"line":47,"column":63},"end":{"line":95,"column":1}},"24":{"start":{"line":48,"column":2},"end":{"line":58,"column":49}},"25":{"start":{"line":50,"column":17},"end":{"line":53,"column":6}},"26":{"start":{"line":51,"column":6},"end":{"line":51,"column":28}},"27":{"start":{"line":52,"column":6},"end":{"line":52,"column":18}},"28":{"start":{"line":54,"column":4},"end":{"line":56,"column":37}},"29":{"start":{"line":58,"column":18},"end":{"line":58,"column":47}},"30":{"start":{"line":60,"column":2},"end":{"line":94,"column":5}},"31":{"start":{"line":61,"column":17},"end":{"line":77,"column":6}},"32":{"start":{"line":62,"column":6},"end":{"line":76,"column":7}},"33":{"start":{"line":63,"column":8},"end":{"line":68,"column":24}},"34":{"start":{"line":71,"column":8},"end":{"line":74,"column":24}},"35":{"start":{"line":78,"column":4},"end":{"line":80,"column":38}},"36":{"start":{"line":84,"column":4},"end":{"line":93,"column":5}},"37":{"start":{"line":85,"column":6},"end":{"line":92,"column":42}},"38":{"start":{"line":87,"column":8},"end":{"line":87,"column":44}},"39":{"start":{"line":88,"column":8},"end":{"line":90,"column":31}},"40":{"start":{"line":92,"column":22},"end":{"line":92,"column":40}},"41":{"start":{"line":97,"column":25},"end":{"line":134,"column":1}},"42":{"start":{"line":97,"column":58},"end":{"line":134,"column":1}},"43":{"start":{"line":98,"column":2},"end":{"line":133,"column":5}},"44":{"start":{"line":99,"column":17},"end":{"line":115,"column":6}},"45":{"start":{"line":100,"column":6},"end":{"line":114,"column":7}},"46":{"start":{"line":101,"column":8},"end":{"line":106,"column":24}},"47":{"start":{"line":109,"column":8},"end":{"line":112,"column":24}},"48":{"start":{"line":116,"column":4},"end":{"line":118,"column":29}},"49":{"start":{"line":122,"column":4},"end":{"line":132,"column":5}},"50":{"start":{"line":123,"column":6},"end":{"line":131,"column":39}},"51":{"start":{"line":125,"column":8},"end":{"line":125,"column":44}},"52":{"start":{"line":126,"column":8},"end":{"line":128,"column":31}},"53":{"start":{"line":131,"column":19},"end":{"line":131,"column":37}},"54":{"start":{"line":136,"column":18},"end":{"line":147,"column":1}},"55":{"start":{"line":136,"column":59},"end":{"line":147,"column":1}},"56":{"start":{"line":137,"column":16},"end":{"line":137,"column":85}},"57":{"start":{"line":138,"column":2},"end":{"line":142,"column":3}},"58":{"start":{"line":139,"column":4},"end":{"line":139,"column":72}},"59":{"start":{"line":140,"column":4},"end":{"line":140,"column":82}},"60":{"start":{"line":141,"column":4},"end":{"line":141,"column":64}},"61":{"start":{"line":143,"column":2},"end":{"line":145,"column":36}},"62":{"start":{"line":149,"column":22},"end":{"line":153,"column":1}},"63":{"start":{"line":149,"column":52},"end":{"line":153,"column":1}},"64":{"start":{"line":150,"column":2},"end":{"line":151,"column":36}},"65":{"start":{"line":155,"column":18},"end":{"line":159,"column":1}},"66":{"start":{"line":155,"column":44},"end":{"line":159,"column":1}},"67":{"start":{"line":156,"column":2},"end":{"line":157,"column":31}},"68":{"start":{"line":161,"column":23},"end":{"line":166,"column":1}},"69":{"start":{"line":161,"column":65},"end":{"line":166,"column":1}},"70":{"start":{"line":162,"column":2},"end":{"line":164,"column":30}},"71":{"start":{"line":168,"column":27},"end":{"line":172,"column":1}},"72":{"start":{"line":168,"column":73},"end":{"line":172,"column":1}},"73":{"start":{"line":169,"column":2},"end":{"line":170,"column":41}}},"fnMap":{"0":{"name":"_interopRequireDefault","decl":{"start":{"line":3,"column":50},"end":{"line":3,"column":72}},"loc":{"start":{"line":3,"column":78},"end":{"line":3,"column":134}},"line":3},"1":{"name":"(anonymous_1)","decl":{"start":{"line":19,"column":44},"end":{"line":19,"column":45}},"loc":{"start":{"line":19,"column":53},"end":{"line":24,"column":1}},"line":19},"2":{"name":"(anonymous_2)","decl":{"start":{"line":19,"column":53},"end":{"line":19,"column":54}},"loc":{"start":{"line":19,"column":65},"end":{"line":24,"column":1}},"line":19},"3":{"name":"(anonymous_3)","decl":{"start":{"line":26,"column":44},"end":{"line":26,"column":45}},"loc":{"start":{"line":26,"column":54},"end":{"line":45,"column":1}},"line":26},"4":{"name":"(anonymous_4)","decl":{"start":{"line":26,"column":54},"end":{"line":26,"column":55}},"loc":{"start":{"line":26,"column":66},"end":{"line":45,"column":1}},"line":26},"5":{"name":"(anonymous_5)","decl":{"start":{"line":28,"column":7},"end":{"line":28,"column":8}},"loc":{"start":{"line":28,"column":15},"end":{"line":33,"column":3}},"line":28},"6":{"name":"(anonymous_6)","decl":{"start":{"line":33,"column":5},"end":{"line":33,"column":6}},"loc":{"start":{"line":33,"column":12},"end":{"line":44,"column":3}},"line":33},"7":{"name":"(anonymous_7)","decl":{"start":{"line":36,"column":11},"end":{"line":36,"column":12}},"loc":{"start":{"line":36,"column":18},"end":{"line":42,"column":7}},"line":36},"8":{"name":"(anonymous_8)","decl":{"start":{"line":42,"column":15},"end":{"line":42,"column":16}},"loc":{"start":{"line":42,"column":22},"end":{"line":42,"column":40}},"line":42},"9":{"name":"(anonymous_9)","decl":{"start":{"line":47,"column":42},"end":{"line":47,"column":43}},"loc":{"start":{"line":47,"column":63},"end":{"line":95,"column":1}},"line":47},"10":{"name":"(anonymous_10)","decl":{"start":{"line":47,"column":63},"end":{"line":47,"column":64}},"loc":{"start":{"line":47,"column":75},"end":{"line":95,"column":1}},"line":47},"11":{"name":"(anonymous_11)","decl":{"start":{"line":49,"column":7},"end":{"line":49,"column":8}},"loc":{"start":{"line":49,"column":19},"end":{"line":58,"column":3}},"line":49},"12":{"name":"(anonymous_12)","decl":{"start":{"line":50,"column":35},"end":{"line":50,"column":36}},"loc":{"start":{"line":50,"column":43},"end":{"line":53,"column":5}},"line":50},"13":{"name":"(anonymous_13)","decl":{"start":{"line":58,"column":11},"end":{"line":58,"column":12}},"loc":{"start":{"line":58,"column":18},"end":{"line":58,"column":47}},"line":58},"14":{"name":"(anonymous_14)","decl":{"start":{"line":60,"column":67},"end":{"line":60,"column":68}},"loc":{"start":{"line":60,"column":75},"end":{"line":82,"column":3}},"line":60},"15":{"name":"(anonymous_15)","decl":{"start":{"line":61,"column":32},"end":{"line":61,"column":33}},"loc":{"start":{"line":61,"column":40},"end":{"line":77,"column":5}},"line":61},"16":{"name":"(anonymous_16)","decl":{"start":{"line":83,"column":2},"end":{"line":83,"column":3}},"loc":{"start":{"line":83,"column":9},"end":{"line":94,"column":3}},"line":83},"17":{"name":"(anonymous_17)","decl":{"start":{"line":86,"column":11},"end":{"line":86,"column":12}},"loc":{"start":{"line":86,"column":18},"end":{"line":92,"column":7}},"line":86},"18":{"name":"(anonymous_18)","decl":{"start":{"line":92,"column":15},"end":{"line":92,"column":16}},"loc":{"start":{"line":92,"column":22},"end":{"line":92,"column":40}},"line":92},"19":{"name":"(anonymous_19)","decl":{"start":{"line":97,"column":52},"end":{"line":97,"column":53}},"loc":{"start":{"line":97,"column":58},"end":{"line":134,"column":1}},"line":97},"20":{"name":"(anonymous_20)","decl":{"start":{"line":97,"column":58},"end":{"line":97,"column":59}},"loc":{"start":{"line":97,"column":70},"end":{"line":134,"column":1}},"line":97},"21":{"name":"(anonymous_21)","decl":{"start":{"line":98,"column":67},"end":{"line":98,"column":68}},"loc":{"start":{"line":98,"column":75},"end":{"line":120,"column":3}},"line":98},"22":{"name":"(anonymous_22)","decl":{"start":{"line":99,"column":32},"end":{"line":99,"column":33}},"loc":{"start":{"line":99,"column":40},"end":{"line":115,"column":5}},"line":99},"23":{"name":"(anonymous_23)","decl":{"start":{"line":121,"column":2},"end":{"line":121,"column":3}},"loc":{"start":{"line":121,"column":9},"end":{"line":133,"column":3}},"line":121},"24":{"name":"(anonymous_24)","decl":{"start":{"line":124,"column":11},"end":{"line":124,"column":12}},"loc":{"start":{"line":124,"column":18},"end":{"line":130,"column":7}},"line":124},"25":{"name":"(anonymous_25)","decl":{"start":{"line":131,"column":12},"end":{"line":131,"column":13}},"loc":{"start":{"line":131,"column":19},"end":{"line":131,"column":37}},"line":131},"26":{"name":"(anonymous_26)","decl":{"start":{"line":136,"column":38},"end":{"line":136,"column":39}},"loc":{"start":{"line":136,"column":59},"end":{"line":147,"column":1}},"line":136},"27":{"name":"(anonymous_27)","decl":{"start":{"line":136,"column":59},"end":{"line":136,"column":60}},"loc":{"start":{"line":136,"column":71},"end":{"line":147,"column":1}},"line":136},"28":{"name":"(anonymous_28)","decl":{"start":{"line":149,"column":46},"end":{"line":149,"column":47}},"loc":{"start":{"line":149,"column":52},"end":{"line":153,"column":1}},"line":149},"29":{"name":"(anonymous_29)","decl":{"start":{"line":149,"column":52},"end":{"line":149,"column":53}},"loc":{"start":{"line":149,"column":64},"end":{"line":153,"column":1}},"line":149},"30":{"name":"(anonymous_30)","decl":{"start":{"line":155,"column":38},"end":{"line":155,"column":39}},"loc":{"start":{"line":155,"column":44},"end":{"line":159,"column":1}},"line":155},"31":{"name":"(anonymous_31)","decl":{"start":{"line":155,"column":44},"end":{"line":155,"column":45}},"loc":{"start":{"line":155,"column":56},"end":{"line":159,"column":1}},"line":155},"32":{"name":"(anonymous_32)","decl":{"start":{"line":161,"column":48},"end":{"line":161,"column":49}},"loc":{"start":{"line":161,"column":65},"end":{"line":166,"column":1}},"line":161},"33":{"name":"(anonymous_33)","decl":{"start":{"line":161,"column":65},"end":{"line":161,"column":66}},"loc":{"start":{"line":161,"column":77},"end":{"line":166,"column":1}},"line":161},"34":{"name":"(anonymous_34)","decl":{"start":{"line":168,"column":56},"end":{"line":168,"column":57}},"loc":{"start":{"line":168,"column":73},"end":{"line":172,"column":1}},"line":168},"35":{"name":"(anonymous_35)","decl":{"start":{"line":168,"column":73},"end":{"line":168,"column":74}},"loc":{"start":{"line":168,"column":85},"end":{"line":172,"column":1}},"line":168}},"branchMap":{"0":{"loc":{"start":{"line":3,"column":86},"end":{"line":3,"column":132}},"type":"cond-expr","locations":[{"start":{"line":3,"column":110},"end":{"line":3,"column":113}},{"start":{"line":3,"column":116},"end":{"line":3,"column":132}}],"line":3},"1":{"loc":{"start":{"line":3,"column":86},"end":{"line":3,"column":107}},"type":"binary-expr","locations":[{"start":{"line":3,"column":86},"end":{"line":3,"column":89}},{"start":{"line":3,"column":93},"end":{"line":3,"column":107}}],"line":3},"2":{"loc":{"start":{"line":15,"column":17},"end":{"line":15,"column":127}},"type":"cond-expr","locations":[{"start":{"line":15,"column":58},"end":{"line":15,"column":85}},{"start":{"line":15,"column":88},"end":{"line":15,"column":127}}],"line":15},"3":{"loc":{"start":{"line":34,"column":4},"end":{"line":43,"column":5}},"type":"if","locations":[{"start":{"line":34,"column":4},"end":{"line":43,"column":5}},{"start":{"line":34,"column":4},"end":{"line":43,"column":5}}],"line":34},"4":{"loc":{"start":{"line":62,"column":6},"end":{"line":76,"column":7}},"type":"if","locations":[{"start":{"line":62,"column":6},"end":{"line":76,"column":7}},{"start":{"line":62,"column":6},"end":{"line":76,"column":7}}],"line":62},"5":{"loc":{"start":{"line":84,"column":4},"end":{"line":93,"column":5}},"type":"if","locations":[{"start":{"line":84,"column":4},"end":{"line":93,"column":5}},{"start":{"line":84,"column":4},"end":{"line":93,"column":5}}],"line":84},"6":{"loc":{"start":{"line":100,"column":6},"end":{"line":114,"column":7}},"type":"if","locations":[{"start":{"line":100,"column":6},"end":{"line":114,"column":7}},{"start":{"line":100,"column":6},"end":{"line":114,"column":7}}],"line":100},"7":{"loc":{"start":{"line":122,"column":4},"end":{"line":132,"column":5}},"type":"if","locations":[{"start":{"line":122,"column":4},"end":{"line":132,"column":5}},{"start":{"line":122,"column":4},"end":{"line":132,"column":5}}],"line":122},"8":{"loc":{"start":{"line":138,"column":2},"end":{"line":142,"column":3}},"type":"if","locations":[{"start":{"line":138,"column":2},"end":{"line":142,"column":3}},{"start":{"line":138,"column":2},"end":{"line":142,"column":3}}],"line":138}},"s":{"0":0,"1":0,"2":0,"3":0,"4":0,"5":0,"6":0,"7":0,"8":0,"9":0,"10":0,"11":0,"12":0,"13":0,"14":0,"15":0,"16":0,"17":0,"18":0,"19":0,"20":0,"21":0,"22":0,"23":0,"24":0,"25":0,"26":0,"27":0,"28":0,"29":0,"30":0,"31":0,"32":0,"33":0,"34":0,"35":0,"36":0,"37":0,"38":0,"39":0,"40":0,"41":0,"42":0,"43":0,"44":0,"45":0,"46":0,"47":0,"48":0,"49":0,"50":0,"51":0,"52":0,"53":0,"54":0,"55":0,"56":0,"57":0,"58":0,"59":0,"60":0,"61":0,"62":0,"63":0,"64":0,"65":0,"66":0,"67":0,"68":0,"69":0,"70":0,"71":0,"72":0,"73":0},"f":{"0":0,"1":0,"2":0,"3":0,"4":0,"5":0,"6":0,"7":0,"8":0,"9":0,"10":0,"11":0,"12":0,"13":0,"14":0,"15":0,"16":0,"17":0,"18":0,"19":0,"20":0,"21":0,"22":0,"23":0,"24":0,"25":0,"26":0,"27":0,"28":0,"29":0,"30":0,"31":0,"32":0,"33":0,"34":0,"35":0},"b":{"0":[0,0],"1":[0,0],"2":[0,0],"3":[0,0],"4":[0,0],"5":[0,0],"6":[0,0],"7":[0,0],"8":[0,0]}}
,"/Users/mo/Desktop/Projects/venue-player-v0.2/client/src/actions/types.js": {"path":"/Users/mo/Desktop/Projects/venue-player-v0.2/client/src/actions/types.js","statementMap":{"0":{"start":{"line":1,"column":13},"end":{"line":1,"column":75}},"1":{"start":{"line":1,"column":96},"end":{"line":1,"column":133}},"2":{"start":{"line":2,"column":22},"end":{"line":2,"column":61}},"3":{"start":{"line":3,"column":19},"end":{"line":3,"column":52}},"4":{"start":{"line":4,"column":19},"end":{"line":4,"column":52}},"5":{"start":{"line":5,"column":19},"end":{"line":5,"column":52}},"6":{"start":{"line":6,"column":23},"end":{"line":6,"column":64}},"7":{"start":{"line":7,"column":24},"end":{"line":7,"column":67}},"8":{"start":{"line":8,"column":19},"end":{"line":8,"column":52}},"9":{"start":{"line":9,"column":24},"end":{"line":9,"column":67}},"10":{"start":{"line":10,"column":29},"end":{"line":10,"column":82}},"11":{"start":{"line":11,"column":27},"end":{"line":11,"column":76}}},"fnMap":{},"branchMap":{},"s":{"0":0,"1":0,"2":0,"3":0,"4":0,"5":0,"6":0,"7":0,"8":0,"9":0,"10":0,"11":0},"f":{},"b":{}}
,"/Users/mo/Desktop/Projects/venue-player-v0.2/client/src/components/Albums/Albums.js": {"path":"/Users/mo/Desktop/Projects/venue-player-v0.2/client/src/components/Albums/Albums.js","statementMap":{"0":{"start":{"line":1,"column":13},"end":{"line":1,"column":75}},"1":{"start":{"line":1,"column":94},"end":{"line":1,"column":179}},"2":{"start":{"line":1,"column":180},"end":{"line":5,"column":7}},"3":{"start":{"line":5,"column":20},"end":{"line":5,"column":36}},"4":{"start":{"line":5,"column":51},"end":{"line":5,"column":81}},"5":{"start":{"line":5,"column":104},"end":{"line":5,"column":131}},"6":{"start":{"line":5,"column":169},"end":{"line":5,"column":213}},"7":{"start":{"line":5,"column":252},"end":{"line":5,"column":306}},"8":{"start":{"line":5,"column":345},"end":{"line":5,"column":399}},"9":{"start":{"line":6,"column":15},"end":{"line":29,"column":6}},"10":{"start":{"line":8,"column":4},"end":{"line":24,"column":62}},"11":{"start":{"line":11,"column":25},"end":{"line":11,"column":69}},"12":{"start":{"line":31,"column":2},"end":{"line":44,"column":21}}},"fnMap":{"0":{"name":"_interopRequireDefault","decl":{"start":{"line":5,"column":316},"end":{"line":5,"column":338}},"loc":{"start":{"line":5,"column":344},"end":{"line":5,"column":400}},"line":5},"1":{"name":"Albums","decl":{"start":{"line":5,"column":409},"end":{"line":5,"column":415}},"loc":{"start":{"line":5,"column":423},"end":{"line":49,"column":1}},"line":5},"2":{"name":"(anonymous_2)","decl":{"start":{"line":7,"column":19},"end":{"line":7,"column":20}},"loc":{"start":{"line":7,"column":28},"end":{"line":28,"column":3}},"line":7},"3":{"name":"(anonymous_3)","decl":{"start":{"line":11,"column":19},"end":{"line":11,"column":20}},"loc":{"start":{"line":11,"column":25},"end":{"line":11,"column":69}},"line":11}},"branchMap":{"0":{"loc":{"start":{"line":5,"column":352},"end":{"line":5,"column":398}},"type":"cond-expr","locations":[{"start":{"line":5,"column":376},"end":{"line":5,"column":379}},{"start":{"line":5,"column":382},"end":{"line":5,"column":398}}],"line":5},"1":{"loc":{"start":{"line":5,"column":352},"end":{"line":5,"column":373}},"type":"binary-expr","locations":[{"start":{"line":5,"column":352},"end":{"line":5,"column":355}},{"start":{"line":5,"column":359},"end":{"line":5,"column":373}}],"line":5},"2":{"loc":{"start":{"line":6,"column":15},"end":{"line":29,"column":6}},"type":"cond-expr","locations":[{"start":{"line":7,"column":2},"end":{"line":28,"column":4}},{"start":{"line":29,"column":2},"end":{"line":29,"column":6}}],"line":6},"3":{"loc":{"start":{"line":14,"column":54},"end":{"line":14,"column":104}},"type":"binary-expr","locations":[{"start":{"line":14,"column":54},"end":{"line":14,"column":65}},{"start":{"line":14,"column":69},"end":{"line":14,"column":104}}],"line":14},"4":{"loc":{"start":{"line":22,"column":115},"end":{"line":24,"column":58}},"type":"cond-expr","locations":[{"start":{"line":23,"column":10},"end":{"line":23,"column":84}},{"start":{"line":24,"column":10},"end":{"line":24,"column":58}}],"line":22}},"s":{"0":0,"1":0,"2":0,"3":0,"4":0,"5":0,"6":0,"7":0,"8":0,"9":0,"10":0,"11":0,"12":0},"f":{"0":0,"1":0,"2":0,"3":0},"b":{"0":[0,0],"1":[0,0],"2":[0,0],"3":[0,0],"4":[0,0]}}
,"/Users/mo/Desktop/Projects/venue-player-v0.2/client/src/components/Artist/Artist.js": {"path":"/Users/mo/Desktop/Projects/venue-player-v0.2/client/src/components/Artist/Artist.js","statementMap":{"0":{"start":{"line":1,"column":13},"end":{"line":1,"column":75}},"1":{"start":{"line":1,"column":94},"end":{"line":1,"column":179}},"2":{"start":{"line":1,"column":180},"end":{"line":6,"column":7}},"3":{"start":{"line":6,"column":20},"end":{"line":6,"column":36}},"4":{"start":{"line":6,"column":51},"end":{"line":6,"column":81}},"5":{"start":{"line":6,"column":104},"end":{"line":6,"column":131}},"6":{"start":{"line":6,"column":169},"end":{"line":6,"column":213}},"7":{"start":{"line":6,"column":252},"end":{"line":6,"column":306}},"8":{"start":{"line":6,"column":327},"end":{"line":6,"column":367}},"9":{"start":{"line":6,"column":389},"end":{"line":6,"column":426}},"10":{"start":{"line":6,"column":465},"end":{"line":6,"column":519}},"11":{"start":{"line":7,"column":2},"end":{"line":46,"column":129}},"12":{"start":{"line":35,"column":35},"end":{"line":35,"column":67}}},"fnMap":{"0":{"name":"_interopRequireDefault","decl":{"start":{"line":6,"column":436},"end":{"line":6,"column":458}},"loc":{"start":{"line":6,"column":464},"end":{"line":6,"column":520}},"line":6},"1":{"name":"Artist","decl":{"start":{"line":6,"column":529},"end":{"line":6,"column":535}},"loc":{"start":{"line":6,"column":543},"end":{"line":50,"column":1}},"line":6},"2":{"name":"(anonymous_2)","decl":{"start":{"line":35,"column":29},"end":{"line":35,"column":30}},"loc":{"start":{"line":35,"column":35},"end":{"line":35,"column":67}},"line":35}},"branchMap":{"0":{"loc":{"start":{"line":6,"column":472},"end":{"line":6,"column":518}},"type":"cond-expr","locations":[{"start":{"line":6,"column":496},"end":{"line":6,"column":499}},{"start":{"line":6,"column":502},"end":{"line":6,"column":518}}],"line":6},"1":{"loc":{"start":{"line":6,"column":472},"end":{"line":6,"column":493}},"type":"binary-expr","locations":[{"start":{"line":6,"column":472},"end":{"line":6,"column":475}},{"start":{"line":6,"column":479},"end":{"line":6,"column":493}}],"line":6},"2":{"loc":{"start":{"line":24,"column":60},"end":{"line":24,"column":110}},"type":"binary-expr","locations":[{"start":{"line":24,"column":60},"end":{"line":24,"column":69}},{"start":{"line":24,"column":73},"end":{"line":24,"column":110}}],"line":24}},"s":{"0":0,"1":0,"2":0,"3":0,"4":0,"5":0,"6":0,"7":0,"8":0,"9":0,"10":0,"11":0,"12":0},"f":{"0":0,"1":0,"2":0},"b":{"0":[0,0],"1":[0,0],"2":[0,0]}}
,"/Users/mo/Desktop/Projects/venue-player-v0.2/client/src/components/Header/Header.js": {"path":"/Users/mo/Desktop/Projects/venue-player-v0.2/client/src/components/Header/Header.js","statementMap":{"0":{"start":{"line":1,"column":13},"end":{"line":1,"column":75}},"1":{"start":{"line":1,"column":94},"end":{"line":1,"column":179}},"2":{"start":{"line":1,"column":180},"end":{"line":5,"column":7}},"3":{"start":{"line":5,"column":20},"end":{"line":5,"column":36}},"4":{"start":{"line":5,"column":51},"end":{"line":5,"column":81}},"5":{"start":{"line":5,"column":104},"end":{"line":5,"column":131}},"6":{"start":{"line":5,"column":142},"end":{"line":5,"column":172}},"7":{"start":{"line":5,"column":184},"end":{"line":5,"column":211}},"8":{"start":{"line":5,"column":250},"end":{"line":5,"column":304}},"9":{"start":{"line":6,"column":2},"end":{"line":52,"column":157}}},"fnMap":{"0":{"name":"_interopRequireDefault","decl":{"start":{"line":5,"column":221},"end":{"line":5,"column":243}},"loc":{"start":{"line":5,"column":249},"end":{"line":5,"column":305}},"line":5},"1":{"name":"Header","decl":{"start":{"line":5,"column":314},"end":{"line":5,"column":320}},"loc":{"start":{"line":5,"column":328},"end":{"line":56,"column":1}},"line":5}},"branchMap":{"0":{"loc":{"start":{"line":5,"column":257},"end":{"line":5,"column":303}},"type":"cond-expr","locations":[{"start":{"line":5,"column":281},"end":{"line":5,"column":284}},{"start":{"line":5,"column":287},"end":{"line":5,"column":303}}],"line":5},"1":{"loc":{"start":{"line":5,"column":257},"end":{"line":5,"column":278}},"type":"binary-expr","locations":[{"start":{"line":5,"column":257},"end":{"line":5,"column":260}},{"start":{"line":5,"column":264},"end":{"line":5,"column":278}}],"line":5},"2":{"loc":{"start":{"line":45,"column":23},"end":{"line":47,"column":28}},"type":"cond-expr","locations":[{"start":{"line":46,"column":12},"end":{"line":46,"column":26}},{"start":{"line":47,"column":12},"end":{"line":47,"column":28}}],"line":45}},"s":{"0":0,"1":0,"2":0,"3":0,"4":0,"5":0,"6":0,"7":0,"8":0,"9":0},"f":{"0":0,"1":0},"b":{"0":[0,0],"1":[0,0],"2":[0,0]}}
,"/Users/mo/Desktop/Projects/venue-player-v0.2/client/src/components/InitialMap/index.js": {"path":"/Users/mo/Desktop/Projects/venue-player-v0.2/client/src/components/InitialMap/index.js","statementMap":{"0":{"start":{"line":1,"column":13},"end":{"line":1,"column":75}},"1":{"start":{"line":1,"column":75},"end":{"line":1,"column":106}},"2":{"start":{"line":1,"column":125},"end":{"line":1,"column":213}},"3":{"start":{"line":1,"column":227},"end":{"line":1,"column":243}},"4":{"start":{"line":1,"column":258},"end":{"line":1,"column":288}},"5":{"start":{"line":2,"column":23},"end":{"line":2,"column":51}},"6":{"start":{"line":9,"column":22},"end":{"line":9,"column":66}},"7":{"start":{"line":9,"column":90},"end":{"line":9,"column":129}},"8":{"start":{"line":9,"column":168},"end":{"line":9,"column":222}},"9":{"start":{"line":13,"column":19},"end":{"line":96,"column":3}},"10":{"start":{"line":15,"column":18},"end":{"line":21,"column":8}},"11":{"start":{"line":16,"column":4},"end":{"line":18,"column":5}},"12":{"start":{"line":17,"column":6},"end":{"line":17,"column":35}},"13":{"start":{"line":19,"column":4},"end":{"line":19,"column":31}},"14":{"start":{"line":20,"column":4},"end":{"line":20,"column":15}},"15":{"start":{"line":23,"column":21},"end":{"line":25,"column":4}},"16":{"start":{"line":24,"column":4},"end":{"line":24,"column":296}},"17":{"start":{"line":27,"column":2},"end":{"line":90,"column":30}},"18":{"start":{"line":46,"column":20},"end":{"line":48,"column":47}},"19":{"start":{"line":50,"column":8},"end":{"line":70,"column":139}},"20":{"start":{"line":53,"column":27},"end":{"line":53,"column":57}},"21":{"start":{"line":59,"column":34},"end":{"line":59,"column":64}}},"fnMap":{"0":{"name":"_interopRequireDefault","decl":{"start":{"line":9,"column":139},"end":{"line":9,"column":161}},"loc":{"start":{"line":9,"column":167},"end":{"line":9,"column":223}},"line":9},"1":{"name":"(anonymous_1)","decl":{"start":{"line":13,"column":111},"end":{"line":13,"column":112}},"loc":{"start":{"line":13,"column":120},"end":{"line":96,"column":1}},"line":13},"2":{"name":"(anonymous_2)","decl":{"start":{"line":15,"column":39},"end":{"line":15,"column":40}},"loc":{"start":{"line":15,"column":55},"end":{"line":21,"column":3}},"line":15},"3":{"name":"(anonymous_3)","decl":{"start":{"line":23,"column":48},"end":{"line":23,"column":49}},"loc":{"start":{"line":23,"column":60},"end":{"line":25,"column":3}},"line":23},"4":{"name":"(anonymous_4)","decl":{"start":{"line":45,"column":24},"end":{"line":45,"column":25}},"loc":{"start":{"line":45,"column":34},"end":{"line":79,"column":7}},"line":45},"5":{"name":"(anonymous_5)","decl":{"start":{"line":53,"column":21},"end":{"line":53,"column":22}},"loc":{"start":{"line":53,"column":27},"end":{"line":53,"column":57}},"line":53},"6":{"name":"(anonymous_6)","decl":{"start":{"line":59,"column":28},"end":{"line":59,"column":29}},"loc":{"start":{"line":59,"column":34},"end":{"line":59,"column":64}},"line":59}},"branchMap":{"0":{"loc":{"start":{"line":9,"column":175},"end":{"line":9,"column":221}},"type":"cond-expr","locations":[{"start":{"line":9,"column":199},"end":{"line":9,"column":202}},{"start":{"line":9,"column":205},"end":{"line":9,"column":221}}],"line":9},"1":{"loc":{"start":{"line":9,"column":175},"end":{"line":9,"column":196}},"type":"binary-expr","locations":[{"start":{"line":9,"column":175},"end":{"line":9,"column":178}},{"start":{"line":9,"column":182},"end":{"line":9,"column":196}}],"line":9},"2":{"loc":{"start":{"line":16,"column":4},"end":{"line":18,"column":5}},"type":"if","locations":[{"start":{"line":16,"column":4},"end":{"line":18,"column":5}},{"start":{"line":16,"column":4},"end":{"line":18,"column":5}}],"line":16},"3":{"loc":{"start":{"line":55,"column":10},"end":{"line":70,"column":137}},"type":"binary-expr","locations":[{"start":{"line":55,"column":10},"end":{"line":55,"column":25}},{"start":{"line":56,"column":10},"end":{"line":70,"column":137}}],"line":55}},"s":{"0":0,"1":0,"2":0,"3":0,"4":0,"5":0,"6":0,"7":0,"8":0,"9":0,"10":0,"11":0,"12":0,"13":0,"14":0,"15":0,"16":0,"17":0,"18":0,"19":0,"20":0,"21":0},"f":{"0":0,"1":0,"2":0,"3":0,"4":0,"5":0,"6":0},"b":{"0":[0,0],"1":[0,0],"2":[0,0],"3":[0,0]}}
,"/Users/mo/Desktop/Projects/venue-player-v0.2/client/src/components/NotFound/NotFound.js": {"path":"/Users/mo/Desktop/Projects/venue-player-v0.2/client/src/components/NotFound/NotFound.js","statementMap":{"0":{"start":{"line":1,"column":13},"end":{"line":1,"column":75}},"1":{"start":{"line":1,"column":94},"end":{"line":1,"column":183}},"2":{"start":{"line":1,"column":184},"end":{"line":11,"column":2}},"3":{"start":{"line":5,"column":2},"end":{"line":8,"column":280}},"4":{"start":{"line":11,"column":15},"end":{"line":11,"column":31}},"5":{"start":{"line":11,"column":46},"end":{"line":11,"column":76}},"6":{"start":{"line":11,"column":99},"end":{"line":11,"column":126}},"7":{"start":{"line":11,"column":165},"end":{"line":11,"column":219}}},"fnMap":{"0":{"name":"(anonymous_0)","decl":{"start":{"line":4,"column":0},"end":{"line":4,"column":1}},"loc":{"start":{"line":4,"column":12},"end":{"line":11,"column":1}},"line":4},"1":{"name":"_interopRequireDefault","decl":{"start":{"line":11,"column":136},"end":{"line":11,"column":158}},"loc":{"start":{"line":11,"column":164},"end":{"line":11,"column":220}},"line":11}},"branchMap":{"0":{"loc":{"start":{"line":11,"column":172},"end":{"line":11,"column":218}},"type":"cond-expr","locations":[{"start":{"line":11,"column":196},"end":{"line":11,"column":199}},{"start":{"line":11,"column":202},"end":{"line":11,"column":218}}],"line":11},"1":{"loc":{"start":{"line":11,"column":172},"end":{"line":11,"column":193}},"type":"binary-expr","locations":[{"start":{"line":11,"column":172},"end":{"line":11,"column":175}},{"start":{"line":11,"column":179},"end":{"line":11,"column":193}}],"line":11}},"s":{"0":0,"1":0,"2":0,"3":0,"4":0,"5":0,"6":0,"7":0},"f":{"0":0,"1":0},"b":{"0":[0,0],"1":[0,0]}}
,"/Users/mo/Desktop/Projects/venue-player-v0.2/client/src/components/Sidebar/Sidebar.js": {"path":"/Users/mo/Desktop/Projects/venue-player-v0.2/client/src/components/Sidebar/Sidebar.js","statementMap":{"0":{"start":{"line":1,"column":13},"end":{"line":1,"column":75}},"1":{"start":{"line":1,"column":94},"end":{"line":1,"column":181}},"2":{"start":{"line":1,"column":182},"end":{"line":4,"column":8}},"3":{"start":{"line":4,"column":21},"end":{"line":4,"column":37}},"4":{"start":{"line":4,"column":52},"end":{"line":4,"column":82}},"5":{"start":{"line":4,"column":121},"end":{"line":4,"column":175}},"6":{"start":{"line":4,"column":189},"end":{"line":4,"column":255}},"7":{"start":{"line":5,"column":2},"end":{"line":15,"column":97}}},"fnMap":{"0":{"name":"_interopRequireDefault","decl":{"start":{"line":4,"column":92},"end":{"line":4,"column":114}},"loc":{"start":{"line":4,"column":120},"end":{"line":4,"column":176}},"line":4},"1":{"name":"Sidebar","decl":{"start":{"line":4,"column":265},"end":{"line":4,"column":272}},"loc":{"start":{"line":4,"column":280},"end":{"line":19,"column":1}},"line":4}},"branchMap":{"0":{"loc":{"start":{"line":4,"column":128},"end":{"line":4,"column":174}},"type":"cond-expr","locations":[{"start":{"line":4,"column":152},"end":{"line":4,"column":155}},{"start":{"line":4,"column":158},"end":{"line":4,"column":174}}],"line":4},"1":{"loc":{"start":{"line":4,"column":128},"end":{"line":4,"column":149}},"type":"binary-expr","locations":[{"start":{"line":4,"column":128},"end":{"line":4,"column":131}},{"start":{"line":4,"column":135},"end":{"line":4,"column":149}}],"line":4},"2":{"loc":{"start":{"line":9,"column":13},"end":{"line":9,"column":30}},"type":"binary-expr","locations":[{"start":{"line":9,"column":13},"end":{"line":9,"column":22}},{"start":{"line":9,"column":26},"end":{"line":9,"column":30}}],"line":9}},"s":{"0":0,"1":0,"2":0,"3":0,"4":0,"5":0,"6":0,"7":0},"f":{"0":0,"1":0},"b":{"0":[0,0],"1":[0,0],"2":[0,0]}}
,"/Users/mo/Desktop/Projects/venue-player-v0.2/client/src/components/Welcome/Welcome.js": {"path":"/Users/mo/Desktop/Projects/venue-player-v0.2/client/src/components/Welcome/Welcome.js","statementMap":{"0":{"start":{"line":1,"column":13},"end":{"line":1,"column":75}},"1":{"start":{"line":1,"column":94},"end":{"line":1,"column":181}},"2":{"start":{"line":1,"column":182},"end":{"line":3,"column":8}},"3":{"start":{"line":3,"column":21},"end":{"line":3,"column":37}},"4":{"start":{"line":3,"column":52},"end":{"line":3,"column":82}},"5":{"start":{"line":3,"column":121},"end":{"line":3,"column":175}},"6":{"start":{"line":4,"column":2},"end":{"line":5,"column":364}}},"fnMap":{"0":{"name":"_interopRequireDefault","decl":{"start":{"line":3,"column":92},"end":{"line":3,"column":114}},"loc":{"start":{"line":3,"column":120},"end":{"line":3,"column":176}},"line":3},"1":{"name":"Welcome","decl":{"start":{"line":3,"column":185},"end":{"line":3,"column":192}},"loc":{"start":{"line":3,"column":200},"end":{"line":9,"column":1}},"line":3}},"branchMap":{"0":{"loc":{"start":{"line":3,"column":128},"end":{"line":3,"column":174}},"type":"cond-expr","locations":[{"start":{"line":3,"column":152},"end":{"line":3,"column":155}},{"start":{"line":3,"column":158},"end":{"line":3,"column":174}}],"line":3},"1":{"loc":{"start":{"line":3,"column":128},"end":{"line":3,"column":149}},"type":"binary-expr","locations":[{"start":{"line":3,"column":128},"end":{"line":3,"column":131}},{"start":{"line":3,"column":135},"end":{"line":3,"column":149}}],"line":3}},"s":{"0":0,"1":0,"2":0,"3":0,"4":0,"5":0,"6":0},"f":{"0":0,"1":0},"b":{"0":[0,0],"1":[0,0]}}
,"/Users/mo/Desktop/Projects/venue-player-v0.2/client/src/config/keys.js": {"path":"/Users/mo/Desktop/Projects/venue-player-v0.2/client/src/config/keys.js","statementMap":{"0":{"start":{"line":1,"column":13},"end":{"line":5,"column":1}},"1":{"start":{"line":2,"column":2},"end":{"line":2,"column":42}},"2":{"start":{"line":4,"column":2},"end":{"line":4,"column":41}}},"fnMap":{},"branchMap":{"0":{"loc":{"start":{"line":1,"column":13},"end":{"line":5,"column":1}},"type":"if","locations":[{"start":{"line":1,"column":13},"end":{"line":5,"column":1}},{"start":{"line":1,"column":13},"end":{"line":5,"column":1}}],"line":1}},"s":{"0":0,"1":0,"2":0},"f":{},"b":{"0":[0,0]}}
,"/Users/mo/Desktop/Projects/venue-player-v0.2/client/src/config/keys_dev.js": {"path":"/Users/mo/Desktop/Projects/venue-player-v0.2/client/src/config/keys_dev.js","statementMap":{"0":{"start":{"line":1,"column":13},"end":{"line":4,"column":47}}},"fnMap":{},"branchMap":{},"s":{"0":0},"f":{},"b":{}}
,"/Users/mo/Desktop/Projects/venue-player-v0.2/client/src/config/keys_prod.js": {"path":"/Users/mo/Desktop/Projects/venue-player-v0.2/client/src/config/keys_prod.js","statementMap":{"0":{"start":{"line":1,"column":13},"end":{"line":4,"column":31}}},"fnMap":{},"branchMap":{},"s":{"0":0},"f":{},"b":{}}
,"/Users/mo/Desktop/Projects/venue-player-v0.2/client/src/containers/Artists/Artists.js": {"path":"/Users/mo/Desktop/Projects/venue-player-v0.2/client/src/containers/Artists/Artists.js","statementMap":{"0":{"start":{"line":1,"column":13},"end":{"line":1,"column":75}},"1":{"start":{"line":1,"column":94},"end":{"line":1,"column":181}},"2":{"start":{"line":1,"column":195},"end":{"line":1,"column":211}},"3":{"start":{"line":1,"column":226},"end":{"line":1,"column":256}},"4":{"start":{"line":2,"column":22},"end":{"line":2,"column":49}},"5":{"start":{"line":3,"column":18},"end":{"line":3,"column":40}},"6":{"start":{"line":4,"column":37},"end":{"line":4,"column":81}},"7":{"start":{"line":4,"column":120},"end":{"line":4,"column":174}},"8":{"start":{"line":5,"column":15},"end":{"line":5,"column":58}},"9":{"start":{"line":5,"column":75},"end":{"line":5,"column":107}},"10":{"start":{"line":6,"column":19},"end":{"line":6,"column":55}},"11":{"start":{"line":6,"column":94},"end":{"line":6,"column":148}},"12":{"start":{"line":12,"column":72},"end":{"line":16,"column":13}},"13":{"start":{"line":15,"column":6},"end":{"line":15,"column":46}},"14":{"start":{"line":19,"column":25},"end":{"line":67,"column":6}},"15":{"start":{"line":21,"column":6},"end":{"line":23,"column":41}},"16":{"start":{"line":26,"column":6},"end":{"line":28,"column":43}},"17":{"start":{"line":30,"column":6},"end":{"line":60,"column":157}},"18":{"start":{"line":35,"column":31},"end":{"line":35,"column":90}},"19":{"start":{"line":48,"column":31},"end":{"line":48,"column":90}},"20":{"start":{"line":60,"column":33},"end":{"line":60,"column":71}},"21":{"start":{"line":68,"column":4},"end":{"line":92,"column":174}},"22":{"start":{"line":99,"column":27},"end":{"line":102,"column":43}},"23":{"start":{"line":105,"column":24},"end":{"line":106,"column":21}},"24":{"start":{"line":105,"column":34},"end":{"line":106,"column":20}},"25":{"start":{"line":106,"column":22},"end":{"line":109,"column":71}}},"fnMap":{"0":{"name":"_interopRequireDefault","decl":{"start":{"line":6,"column":65},"end":{"line":6,"column":87}},"loc":{"start":{"line":6,"column":93},"end":{"line":6,"column":149}},"line":6},"1":{"name":"(anonymous_1)","decl":{"start":{"line":12,"column":40},"end":{"line":12,"column":41}},"loc":{"start":{"line":12,"column":61},"end":{"line":16,"column":14}},"line":12},"2":{"name":"(anonymous_2)","decl":{"start":{"line":14,"column":18},"end":{"line":14,"column":19}},"loc":{"start":{"line":14,"column":23},"end":{"line":16,"column":5}},"line":14},"3":{"name":"(anonymous_3)","decl":{"start":{"line":18,"column":2},"end":{"line":18,"column":3}},"loc":{"start":{"line":18,"column":11},"end":{"line":96,"column":3}},"line":18},"4":{"name":"(anonymous_4)","decl":{"start":{"line":19,"column":53},"end":{"line":19,"column":54}},"loc":{"start":{"line":19,"column":63},"end":{"line":67,"column":5}},"line":19},"5":{"name":"(anonymous_5)","decl":{"start":{"line":35,"column":25},"end":{"line":35,"column":26}},"loc":{"start":{"line":35,"column":31},"end":{"line":35,"column":90}},"line":35},"6":{"name":"(anonymous_6)","decl":{"start":{"line":48,"column":25},"end":{"line":48,"column":26}},"loc":{"start":{"line":48,"column":31},"end":{"line":48,"column":90}},"line":48},"7":{"name":"(anonymous_7)","decl":{"start":{"line":60,"column":27},"end":{"line":60,"column":28}},"loc":{"start":{"line":60,"column":33},"end":{"line":60,"column":71}},"line":60},"8":{"name":"(anonymous_8)","decl":{"start":{"line":105,"column":24},"end":{"line":105,"column":25}},"loc":{"start":{"line":105,"column":34},"end":{"line":106,"column":20}},"line":105}},"branchMap":{"0":{"loc":{"start":{"line":6,"column":101},"end":{"line":6,"column":147}},"type":"cond-expr","locations":[{"start":{"line":6,"column":125},"end":{"line":6,"column":128}},{"start":{"line":6,"column":131},"end":{"line":6,"column":147}}],"line":6},"1":{"loc":{"start":{"line":6,"column":101},"end":{"line":6,"column":122}},"type":"binary-expr","locations":[{"start":{"line":6,"column":101},"end":{"line":6,"column":104}},{"start":{"line":6,"column":108},"end":{"line":6,"column":122}}],"line":6},"2":{"loc":{"start":{"line":21,"column":6},"end":{"line":23,"column":41}},"type":"cond-expr","locations":[{"start":{"line":22,"column":6},"end":{"line":22,"column":49}},{"start":{"line":23,"column":6},"end":{"line":23,"column":41}}],"line":21},"3":{"loc":{"start":{"line":26,"column":6},"end":{"line":28,"column":43}},"type":"cond-expr","locations":[{"start":{"line":27,"column":6},"end":{"line":27,"column":49}},{"start":{"line":28,"column":6},"end":{"line":28,"column":43}}],"line":26},"4":{"loc":{"start":{"line":49,"column":121},"end":{"line":51,"column":32}},"type":"cond-expr","locations":[{"start":{"line":50,"column":16},"end":{"line":50,"column":58}},{"start":{"line":51,"column":16},"end":{"line":51,"column":32}}],"line":49},"5":{"loc":{"start":{"line":70,"column":8},"end":{"line":70,"column":202}},"type":"binary-expr","locations":[{"start":{"line":70,"column":8},"end":{"line":70,"column":44}},{"start":{"line":70,"column":48},"end":{"line":70,"column":202}}],"line":70},"6":{"loc":{"start":{"line":75,"column":21},"end":{"line":77,"column":24}},"type":"cond-expr","locations":[{"start":{"line":76,"column":10},"end":{"line":76,"column":31}},{"start":{"line":77,"column":10},"end":{"line":77,"column":24}}],"line":75},"7":{"loc":{"start":{"line":92,"column":10},"end":{"line":92,"column":170}},"type":"binary-expr","locations":[{"start":{"line":92,"column":10},"end":{"line":92,"column":46}},{"start":{"line":92,"column":50},"end":{"line":92,"column":170}}],"line":92}},"s":{"0":0,"1":0,"2":0,"3":0,"4":0,"5":0,"6":0,"7":0,"8":0,"9":0,"10":0,"11":0,"12":0,"13":0,"14":0,"15":0,"16":0,"17":0,"18":0,"19":0,"20":0,"21":0,"22":0,"23":0,"24":0,"25":0},"f":{"0":0,"1":0,"2":0,"3":0,"4":0,"5":0,"6":0,"7":0,"8":0},"b":{"0":[0,0],"1":[0,0],"2":[0,0],"3":[0,0],"4":[0,0],"5":[0,0],"6":[0,0],"7":[0,0]}}
,"/Users/mo/Desktop/Projects/venue-player-v0.2/client/src/containers/MapContainer/index.js": {"path":"/Users/mo/Desktop/Projects/venue-player-v0.2/client/src/containers/MapContainer/index.js","statementMap":{"0":{"start":{"line":1,"column":13},"end":{"line":1,"column":75}},"1":{"start":{"line":1,"column":94},"end":{"line":1,"column":184}},"2":{"start":{"line":1,"column":198},"end":{"line":1,"column":214}},"3":{"start":{"line":1,"column":229},"end":{"line":1,"column":259}},"4":{"start":{"line":2,"column":18},"end":{"line":2,"column":40}},"5":{"start":{"line":3,"column":18},"end":{"line":3,"column":56}},"6":{"start":{"line":4,"column":19},"end":{"line":4,"column":55}},"7":{"start":{"line":4,"column":94},"end":{"line":4,"column":148}},"8":{"start":{"line":8,"column":86},"end":{"line":14,"column":13}},"9":{"start":{"line":10,"column":6},"end":{"line":10,"column":42}},"10":{"start":{"line":13,"column":6},"end":{"line":13,"column":38}},"11":{"start":{"line":17,"column":4},"end":{"line":31,"column":235}},"12":{"start":{"line":38,"column":27},"end":{"line":40,"column":55}},"13":{"start":{"line":43,"column":24},"end":{"line":44,"column":21}},"14":{"start":{"line":43,"column":34},"end":{"line":44,"column":20}},"15":{"start":{"line":44,"column":22},"end":{"line":47,"column":76}}},"fnMap":{"0":{"name":"_interopRequireDefault","decl":{"start":{"line":4,"column":65},"end":{"line":4,"column":87}},"loc":{"start":{"line":4,"column":93},"end":{"line":4,"column":149}},"line":4},"1":{"name":"(anonymous_1)","decl":{"start":{"line":8,"column":54},"end":{"line":8,"column":55}},"loc":{"start":{"line":8,"column":75},"end":{"line":14,"column":14}},"line":8},"2":{"name":"(anonymous_2)","decl":{"start":{"line":9,"column":19},"end":{"line":9,"column":20}},"loc":{"start":{"line":9,"column":31},"end":{"line":11,"column":5}},"line":9},"3":{"name":"(anonymous_3)","decl":{"start":{"line":12,"column":21},"end":{"line":12,"column":22}},"loc":{"start":{"line":12,"column":27},"end":{"line":14,"column":5}},"line":12},"4":{"name":"(anonymous_4)","decl":{"start":{"line":16,"column":2},"end":{"line":16,"column":3}},"loc":{"start":{"line":16,"column":11},"end":{"line":35,"column":3}},"line":16},"5":{"name":"(anonymous_5)","decl":{"start":{"line":43,"column":24},"end":{"line":43,"column":25}},"loc":{"start":{"line":43,"column":34},"end":{"line":44,"column":20}},"line":43}},"branchMap":{"0":{"loc":{"start":{"line":4,"column":101},"end":{"line":4,"column":147}},"type":"cond-expr","locations":[{"start":{"line":4,"column":125},"end":{"line":4,"column":128}},{"start":{"line":4,"column":131},"end":{"line":4,"column":147}}],"line":4},"1":{"loc":{"start":{"line":4,"column":101},"end":{"line":4,"column":122}},"type":"binary-expr","locations":[{"start":{"line":4,"column":101},"end":{"line":4,"column":104}},{"start":{"line":4,"column":108},"end":{"line":4,"column":122}}],"line":4}},"s":{"0":0,"1":0,"2":0,"3":0,"4":0,"5":0,"6":0,"7":0,"8":0,"9":0,"10":0,"11":0,"12":0,"13":0,"14":0,"15":0},"f":{"0":0,"1":0,"2":0,"3":0,"4":0,"5":0},"b":{"0":[0,0],"1":[0,0]}}
,"/Users/mo/Desktop/Projects/venue-player-v0.2/client/src/reducers/index.js": {"path":"/Users/mo/Desktop/Projects/venue-player-v0.2/client/src/reducers/index.js","statementMap":{"0":{"start":{"line":1,"column":13},"end":{"line":1,"column":75}},"1":{"start":{"line":1,"column":88},"end":{"line":1,"column":104}},"2":{"start":{"line":2,"column":19},"end":{"line":2,"column":43}},"3":{"start":{"line":2,"column":64},"end":{"line":2,"column":100}},"4":{"start":{"line":2,"column":139},"end":{"line":2,"column":193}},"5":{"start":{"line":2,"column":194},"end":{"line":5,"column":33}}},"fnMap":{"0":{"name":"_interopRequireDefault","decl":{"start":{"line":2,"column":110},"end":{"line":2,"column":132}},"loc":{"start":{"line":2,"column":138},"end":{"line":2,"column":194}},"line":2}},"branchMap":{"0":{"loc":{"start":{"line":2,"column":146},"end":{"line":2,"column":192}},"type":"cond-expr","locations":[{"start":{"line":2,"column":170},"end":{"line":2,"column":173}},{"start":{"line":2,"column":176},"end":{"line":2,"column":192}}],"line":2},"1":{"loc":{"start":{"line":2,"column":146},"end":{"line":2,"column":167}},"type":"binary-expr","locations":[{"start":{"line":2,"column":146},"end":{"line":2,"column":149}},{"start":{"line":2,"column":153},"end":{"line":2,"column":167}}],"line":2}},"s":{"0":0,"1":0,"2":0,"3":0,"4":0,"5":0},"f":{"0":0},"b":{"0":[0,0],"1":[0,0]}}
,"/Users/mo/Desktop/Projects/venue-player-v0.2/client/src/reducers/mainReducer.js": {"path":"/Users/mo/Desktop/Projects/venue-player-v0.2/client/src/reducers/mainReducer.js","statementMap":{"0":{"start":{"line":1,"column":13},"end":{"line":1,"column":75}},"1":{"start":{"line":1,"column":75},"end":{"line":103,"column":2}},"2":{"start":{"line":28,"column":2},"end":{"line":101,"column":20}},"3":{"start":{"line":30,"column":6},"end":{"line":32,"column":33}},"4":{"start":{"line":35,"column":6},"end":{"line":37,"column":35}},"5":{"start":{"line":40,"column":6},"end":{"line":43,"column":41}},"6":{"start":{"line":46,"column":6},"end":{"line":52,"column":33}},"7":{"start":{"line":55,"column":6},"end":{"line":58,"column":43}},"8":{"start":{"line":61,"column":6},"end":{"line":64,"column":22}},"9":{"start":{"line":67,"column":6},"end":{"line":71,"column":23}},"10":{"start":{"line":74,"column":6},"end":{"line":81,"column":18}},"11":{"start":{"line":77,"column":8},"end":{"line":81,"column":13}},"12":{"start":{"line":85,"column":6},"end":{"line":92,"column":18}},"13":{"start":{"line":88,"column":8},"end":{"line":92,"column":13}},"14":{"start":{"line":96,"column":6},"end":{"line":98,"column":41}},"15":{"start":{"line":101,"column":6},"end":{"line":101,"column":19}},"16":{"start":{"line":103,"column":15},"end":{"line":103,"column":42}},"17":{"start":{"line":103,"column":64},"end":{"line":103,"column":208}}},"fnMap":{"0":{"name":"(anonymous_0)","decl":{"start":{"line":27,"column":0},"end":{"line":27,"column":1}},"loc":{"start":{"line":27,"column":40},"end":{"line":103,"column":1}},"line":27},"1":{"name":"(anonymous_1)","decl":{"start":{"line":76,"column":33},"end":{"line":76,"column":34}},"loc":{"start":{"line":77,"column":8},"end":{"line":81,"column":13}},"line":77},"2":{"name":"(anonymous_2)","decl":{"start":{"line":87,"column":33},"end":{"line":87,"column":34}},"loc":{"start":{"line":88,"column":8},"end":{"line":92,"column":13}},"line":88}},"branchMap":{"0":{"loc":{"start":{"line":27,"column":10},"end":{"line":27,"column":30}},"type":"default-arg","locations":[{"start":{"line":27,"column":18},"end":{"line":27,"column":30}}],"line":27},"1":{"loc":{"start":{"line":28,"column":2},"end":{"line":101,"column":20}},"type":"switch","locations":[{"start":{"line":29,"column":4},"end":{"line":32,"column":33}},{"start":{"line":34,"column":4},"end":{"line":37,"column":35}},{"start":{"line":39,"column":4},"end":{"line":43,"column":41}},{"start":{"line":45,"column":4},"end":{"line":52,"column":33}},{"start":{"line":54,"column":4},"end":{"line":58,"column":43}},{"start":{"line":60,"column":4},"end":{"line":64,"column":22}},{"start":{"line":66,"column":4},"end":{"line":71,"column":23}},{"start":{"line":73,"column":4},"end":{"line":81,"column":18}},{"start":{"line":84,"column":4},"end":{"line":92,"column":18}},{"start":{"line":95,"column":4},"end":{"line":98,"column":41}},{"start":{"line":100,"column":4},"end":{"line":101,"column":19}}],"line":28},"2":{"loc":{"start":{"line":77,"column":8},"end":{"line":81,"column":13}},"type":"cond-expr","locations":[{"start":{"line":77,"column":38},"end":{"line":79,"column":45}},{"start":{"line":81,"column":8},"end":{"line":81,"column":13}}],"line":77},"3":{"loc":{"start":{"line":88,"column":8},"end":{"line":92,"column":13}},"type":"cond-expr","locations":[{"start":{"line":88,"column":34},"end":{"line":90,"column":35}},{"start":{"line":92,"column":8},"end":{"line":92,"column":13}}],"line":88}},"s":{"0":0,"1":0,"2":0,"3":0,"4":0,"5":0,"6":0,"7":0,"8":0,"9":0,"10":0,"11":0,"12":0,"13":0,"14":0,"15":0,"16":0,"17":0},"f":{"0":0,"1":0,"2":0},"b":{"0":[0],"1":[0,0,0,0,0,0,0,0,0,0,0],"2":[0,0],"3":[0,0]}}
}
