TN:
SF:/Users/mo/Desktop/Projects/venue-player-v0.2/client/src/App.js
FN:13,_interopRequireDefault
FN:28,(anonymous_1)
FN:53,(anonymous_2)
FN:59,(anonymous_3)
FN:61,(anonymous_4)
FN:61,(anonymous_5)
FN:61,(anonymous_6)
FN:61,(anonymous_7)
FN:63,(anonymous_8)
FN:90,(anonymous_9)
FN:101,(anonymous_10)
FN:130,(anonymous_11)
FNF:12
FNH:0
FNDA:0,_interopRequireDefault
FNDA:0,(anonymous_1)
FNDA:0,(anonymous_2)
FNDA:0,(anonymous_3)
FNDA:0,(anonymous_4)
FNDA:0,(anonymous_5)
FNDA:0,(anonymous_6)
FNDA:0,(anonymous_7)
FNDA:0,(anonymous_8)
FNDA:0,(anonymous_9)
FNDA:0,(anonymous_10)
FNDA:0,(anonymous_11)
DA:1,0
DA:2,0
DA:3,0
DA:4,0
DA:5,0
DA:6,0
DA:7,0
DA:8,0
DA:9,0
DA:10,0
DA:11,0
DA:12,0
DA:13,0
DA:22,0
DA:25,0
DA:29,0
DA:54,0
DA:55,0
DA:56,0
DA:57,0
DA:60,0
DA:61,0
DA:71,0
DA:73,0
DA:74,0
DA:76,0
DA:91,0
DA:102,0
DA:120,0
DA:130,0
DA:131,0
LF:31
LH:0
BRDA:13,0,0,0
BRDA:13,0,1,0
BRDA:13,1,0,0
BRDA:13,1,1,0
BRDA:22,2,0,0
BRDA:22,2,1,0
BRDA:73,3,0,0
BRDA:73,3,1,0
BRF:8
BRH:0
end_of_record
TN:
SF:/Users/mo/Desktop/Projects/venue-player-v0.2/client/src/index.js
FN:7,_interopRequireDefault
FNF:1
FNH:0
FNDA:0,_interopRequireDefault
DA:1,0
DA:2,0
DA:3,0
DA:4,0
DA:5,0
DA:6,0
DA:7,0
DA:10,0
LF:8
LH:0
BRDA:7,0,0,0
BRDA:7,0,1,0
BRDA:7,1,0,0
BRDA:7,1,1,0
BRF:4
BRH:0
end_of_record
TN:
SF:/Users/mo/Desktop/Projects/venue-player-v0.2/client/src/store.js
FN:4,_interopRequireDefault
FNF:1
FNH:0
FNDA:0,_interopRequireDefault
DA:1,0
DA:2,0
DA:3,0
DA:4,0
DA:7,0
DA:9,0
DA:11,0
DA:12,0
LF:8
LH:0
BRDA:4,0,0,0
BRDA:4,0,1,0
BRDA:4,1,0,0
BRDA:4,1,1,0
BRF:4
BRH:0
end_of_record
TN:
SF:/Users/mo/Desktop/Projects/venue-player-v0.2/client/src/__test__/functions/functions.js
FN:4,(anonymous_0)
FN:5,(anonymous_1)
FN:8,(anonymous_2)
FN:9,(anonymous_3)
FNF:4
FNH:3
FNDA:1,(anonymous_0)
FNDA:1,(anonymous_1)
FNDA:1,(anonymous_2)
FNDA:0,(anonymous_3)
DA:1,1
DA:3,1
DA:4,1
DA:6,1
DA:8,1
DA:9,0
DA:12,1
LF:7
LH:6
BRF:0
BRH:0
end_of_record
TN:
SF:/Users/mo/Desktop/Projects/venue-player-v0.2/client/src/actions/mainActions.js
FN:3,_interopRequireDefault
FN:19,(anonymous_1)
FN:19,(anonymous_2)
FN:26,(anonymous_3)
FN:26,(anonymous_4)
FN:28,(anonymous_5)
FN:33,(anonymous_6)
FN:36,(anonymous_7)
FN:42,(anonymous_8)
FN:47,(anonymous_9)
FN:47,(anonymous_10)
FN:49,(anonymous_11)
FN:50,(anonymous_12)
FN:58,(anonymous_13)
FN:60,(anonymous_14)
FN:61,(anonymous_15)
FN:83,(anonymous_16)
FN:86,(anonymous_17)
FN:92,(anonymous_18)
FN:97,(anonymous_19)
FN:97,(anonymous_20)
FN:98,(anonymous_21)
FN:99,(anonymous_22)
FN:121,(anonymous_23)
FN:124,(anonymous_24)
FN:131,(anonymous_25)
FN:136,(anonymous_26)
FN:136,(anonymous_27)
FN:149,(anonymous_28)
FN:149,(anonymous_29)
FN:155,(anonymous_30)
FN:155,(anonymous_31)
FN:161,(anonymous_32)
FN:161,(anonymous_33)
FN:168,(anonymous_34)
FN:168,(anonymous_35)
FNF:36
FNH:0
FNDA:0,_interopRequireDefault
FNDA:0,(anonymous_1)
FNDA:0,(anonymous_2)
FNDA:0,(anonymous_3)
FNDA:0,(anonymous_4)
FNDA:0,(anonymous_5)
FNDA:0,(anonymous_6)
FNDA:0,(anonymous_7)
FNDA:0,(anonymous_8)
FNDA:0,(anonymous_9)
FNDA:0,(anonymous_10)
FNDA:0,(anonymous_11)
FNDA:0,(anonymous_12)
FNDA:0,(anonymous_13)
FNDA:0,(anonymous_14)
FNDA:0,(anonymous_15)
FNDA:0,(anonymous_16)
FNDA:0,(anonymous_17)
FNDA:0,(anonymous_18)
FNDA:0,(anonymous_19)
FNDA:0,(anonymous_20)
FNDA:0,(anonymous_21)
FNDA:0,(anonymous_22)
FNDA:0,(anonymous_23)
FNDA:0,(anonymous_24)
FNDA:0,(anonymous_25)
FNDA:0,(anonymous_26)
FNDA:0,(anonymous_27)
FNDA:0,(anonymous_28)
FNDA:0,(anonymous_29)
FNDA:0,(anonymous_30)
FNDA:0,(anonymous_31)
FNDA:0,(anonymous_32)
FNDA:0,(anonymous_33)
FNDA:0,(anonymous_34)
FNDA:0,(anonymous_35)
DA:1,0
DA:2,0
DA:3,0
DA:15,0
DA:17,0
DA:19,0
DA:20,0
DA:26,0
DA:27,0
DA:29,0
DA:34,0
DA:35,0
DA:37,0
DA:38,0
DA:42,0
DA:47,0
DA:48,0
DA:50,0
DA:51,0
DA:52,0
DA:54,0
DA:58,0
DA:60,0
DA:61,0
DA:62,0
DA:63,0
DA:71,0
DA:78,0
DA:84,0
DA:85,0
DA:87,0
DA:88,0
DA:92,0
DA:97,0
DA:98,0
DA:99,0
DA:100,0
DA:101,0
DA:109,0
DA:116,0
DA:122,0
DA:123,0
DA:125,0
DA:126,0
DA:131,0
DA:136,0
DA:137,0
DA:138,0
DA:139,0
DA:140,0
DA:141,0
DA:143,0
DA:149,0
DA:150,0
DA:155,0
DA:156,0
DA:161,0
DA:162,0
DA:168,0
DA:169,0
LF:60
LH:0
BRDA:3,0,0,0
BRDA:3,0,1,0
BRDA:3,1,0,0
BRDA:3,1,1,0
BRDA:15,2,0,0
BRDA:15,2,1,0
BRDA:34,3,0,0
BRDA:34,3,1,0
BRDA:62,4,0,0
BRDA:62,4,1,0
BRDA:84,5,0,0
BRDA:84,5,1,0
BRDA:100,6,0,0
BRDA:100,6,1,0
BRDA:122,7,0,0
BRDA:122,7,1,0
BRDA:138,8,0,0
BRDA:138,8,1,0
BRF:18
BRH:0
end_of_record
TN:
SF:/Users/mo/Desktop/Projects/venue-player-v0.2/client/src/actions/types.js
FNF:0
FNH:0
DA:1,0
DA:2,0
DA:3,0
DA:4,0
DA:5,0
DA:6,0
DA:7,0
DA:8,0
DA:9,0
DA:10,0
DA:11,0
LF:11
LH:0
BRF:0
BRH:0
end_of_record
TN:
SF:/Users/mo/Desktop/Projects/venue-player-v0.2/client/src/components/Albums/Albums.js
FN:5,_interopRequireDefault
FN:5,Albums
FN:7,(anonymous_2)
FN:11,(anonymous_3)
FNF:4
FNH:0
FNDA:0,_interopRequireDefault
FNDA:0,Albums
FNDA:0,(anonymous_2)
FNDA:0,(anonymous_3)
DA:1,0
DA:5,0
DA:6,0
DA:8,0
DA:11,0
DA:31,0
LF:6
LH:0
BRDA:5,0,0,0
BRDA:5,0,1,0
BRDA:5,1,0,0
BRDA:5,1,1,0
BRDA:6,2,0,0
BRDA:6,2,1,0
BRDA:14,3,0,0
BRDA:14,3,1,0
BRDA:22,4,0,0
BRDA:22,4,1,0
BRF:10
BRH:0
end_of_record
TN:
SF:/Users/mo/Desktop/Projects/venue-player-v0.2/client/src/components/Artist/Artist.js
FN:6,_interopRequireDefault
FN:6,Artist
FN:35,(anonymous_2)
FNF:3
FNH:0
FNDA:0,_interopRequireDefault
FNDA:0,Artist
FNDA:0,(anonymous_2)
DA:1,0
DA:6,0
DA:7,0
DA:35,0
LF:4
LH:0
BRDA:6,0,0,0
BRDA:6,0,1,0
BRDA:6,1,0,0
BRDA:6,1,1,0
BRDA:24,2,0,0
BRDA:24,2,1,0
BRF:6
BRH:0
end_of_record
TN:
SF:/Users/mo/Desktop/Projects/venue-player-v0.2/client/src/components/Header/Header.js
FN:5,_interopRequireDefault
FN:5,Header
FNF:2
FNH:0
FNDA:0,_interopRequireDefault
FNDA:0,Header
DA:1,0
DA:5,0
DA:6,0
LF:3
LH:0
BRDA:5,0,0,0
BRDA:5,0,1,0
BRDA:5,1,0,0
BRDA:5,1,1,0
BRDA:45,2,0,0
BRDA:45,2,1,0
BRF:6
BRH:0
end_of_record
TN:
SF:/Users/mo/Desktop/Projects/venue-player-v0.2/client/src/components/InitialMap/index.js
FN:9,_interopRequireDefault
FN:13,(anonymous_1)
FN:15,(anonymous_2)
FN:23,(anonymous_3)
FN:45,(anonymous_4)
FN:53,(anonymous_5)
FN:59,(anonymous_6)
FNF:7
FNH:0
FNDA:0,_interopRequireDefault
FNDA:0,(anonymous_1)
FNDA:0,(anonymous_2)
FNDA:0,(anonymous_3)
FNDA:0,(anonymous_4)
FNDA:0,(anonymous_5)
FNDA:0,(anonymous_6)
DA:1,0
DA:2,0
DA:9,0
DA:13,0
DA:15,0
DA:16,0
DA:17,0
DA:19,0
DA:20,0
DA:23,0
DA:24,0
DA:27,0
DA:46,0
DA:50,0
DA:53,0
DA:59,0
LF:16
LH:0
BRDA:9,0,0,0
BRDA:9,0,1,0
BRDA:9,1,0,0
BRDA:9,1,1,0
BRDA:16,2,0,0
BRDA:16,2,1,0
BRDA:55,3,0,0
BRDA:55,3,1,0
BRF:8
BRH:0
end_of_record
TN:
SF:/Users/mo/Desktop/Projects/venue-player-v0.2/client/src/components/NotFound/NotFound.js
FN:4,(anonymous_0)
FN:11,_interopRequireDefault
FNF:2
FNH:0
FNDA:0,(anonymous_0)
FNDA:0,_interopRequireDefault
DA:1,0
DA:5,0
DA:11,0
LF:3
LH:0
BRDA:11,0,0,0
BRDA:11,0,1,0
BRDA:11,1,0,0
BRDA:11,1,1,0
BRF:4
BRH:0
end_of_record
TN:
SF:/Users/mo/Desktop/Projects/venue-player-v0.2/client/src/components/Sidebar/Sidebar.js
FN:4,_interopRequireDefault
FN:4,Sidebar
FNF:2
FNH:0
FNDA:0,_interopRequireDefault
FNDA:0,Sidebar
DA:1,0
DA:4,0
DA:5,0
LF:3
LH:0
BRDA:4,0,0,0
BRDA:4,0,1,0
BRDA:4,1,0,0
BRDA:4,1,1,0
BRDA:9,2,0,0
BRDA:9,2,1,0
BRF:6
BRH:0
end_of_record
TN:
SF:/Users/mo/Desktop/Projects/venue-player-v0.2/client/src/components/Welcome/Welcome.js
FN:3,_interopRequireDefault
FN:3,Welcome
FNF:2
FNH:0
FNDA:0,_interopRequireDefault
FNDA:0,Welcome
DA:1,0
DA:3,0
DA:4,0
LF:3
LH:0
BRDA:3,0,0,0
BRDA:3,0,1,0
BRDA:3,1,0,0
BRDA:3,1,1,0
BRF:4
BRH:0
end_of_record
TN:
SF:/Users/mo/Desktop/Projects/venue-player-v0.2/client/src/config/keys.js
FNF:0
FNH:0
DA:1,0
DA:2,0
DA:4,0
LF:3
LH:0
BRDA:1,0,0,0
BRDA:1,0,1,0
BRF:2
BRH:0
end_of_record
TN:
SF:/Users/mo/Desktop/Projects/venue-player-v0.2/client/src/config/keys_dev.js
FNF:0
FNH:0
DA:1,0
LF:1
LH:0
BRF:0
BRH:0
end_of_record
TN:
SF:/Users/mo/Desktop/Projects/venue-player-v0.2/client/src/config/keys_prod.js
FNF:0
FNH:0
DA:1,0
LF:1
LH:0
BRF:0
BRH:0
end_of_record
TN:
SF:/Users/mo/Desktop/Projects/venue-player-v0.2/client/src/containers/Artists/Artists.js
FN:6,_interopRequireDefault
FN:12,(anonymous_1)
FN:14,(anonymous_2)
FN:18,(anonymous_3)
FN:19,(anonymous_4)
FN:35,(anonymous_5)
FN:48,(anonymous_6)
FN:60,(anonymous_7)
FN:105,(anonymous_8)
FNF:9
FNH:0
FNDA:0,_interopRequireDefault
FNDA:0,(anonymous_1)
FNDA:0,(anonymous_2)
FNDA:0,(anonymous_3)
FNDA:0,(anonymous_4)
FNDA:0,(anonymous_5)
FNDA:0,(anonymous_6)
FNDA:0,(anonymous_7)
FNDA:0,(anonymous_8)
DA:1,0
DA:2,0
DA:3,0
DA:4,0
DA:5,0
DA:6,0
DA:12,0
DA:15,0
DA:19,0
DA:21,0
DA:26,0
DA:30,0
DA:35,0
DA:48,0
DA:60,0
DA:68,0
DA:99,0
DA:105,0
DA:106,0
LF:19
LH:0
BRDA:6,0,0,0
BRDA:6,0,1,0
BRDA:6,1,0,0
BRDA:6,1,1,0
BRDA:21,2,0,0
BRDA:21,2,1,0
BRDA:26,3,0,0
BRDA:26,3,1,0
BRDA:49,4,0,0
BRDA:49,4,1,0
BRDA:70,5,0,0
BRDA:70,5,1,0
BRDA:75,6,0,0
BRDA:75,6,1,0
BRDA:92,7,0,0
BRDA:92,7,1,0
BRF:16
BRH:0
end_of_record
TN:
SF:/Users/mo/Desktop/Projects/venue-player-v0.2/client/src/containers/MapContainer/index.js
FN:4,_interopRequireDefault
FN:8,(anonymous_1)
FN:9,(anonymous_2)
FN:12,(anonymous_3)
FN:16,(anonymous_4)
FN:43,(anonymous_5)
FNF:6
FNH:0
FNDA:0,_interopRequireDefault
FNDA:0,(anonymous_1)
FNDA:0,(anonymous_2)
FNDA:0,(anonymous_3)
FNDA:0,(anonymous_4)
FNDA:0,(anonymous_5)
DA:1,0
DA:2,0
DA:3,0
DA:4,0
DA:8,0
DA:10,0
DA:13,0
DA:17,0
DA:38,0
DA:43,0
DA:44,0
LF:11
LH:0
BRDA:4,0,0,0
BRDA:4,0,1,0
BRDA:4,1,0,0
BRDA:4,1,1,0
BRF:4
BRH:0
end_of_record
TN:
SF:/Users/mo/Desktop/Projects/venue-player-v0.2/client/src/reducers/index.js
FN:2,_interopRequireDefault
FNF:1
FNH:0
FNDA:0,_interopRequireDefault
DA:1,0
DA:2,0
LF:2
LH:0
BRDA:2,0,0,0
BRDA:2,0,1,0
BRDA:2,1,0,0
BRDA:2,1,1,0
BRF:4
BRH:0
end_of_record
TN:
SF:/Users/mo/Desktop/Projects/venue-player-v0.2/client/src/reducers/mainReducer.js
FN:27,(anonymous_0)
FN:76,(anonymous_1)
FN:87,(anonymous_2)
FNF:3
FNH:0
FNDA:0,(anonymous_0)
FNDA:0,(anonymous_1)
FNDA:0,(anonymous_2)
DA:1,0
DA:28,0
DA:30,0
DA:35,0
DA:40,0
DA:46,0
DA:55,0
DA:61,0
DA:67,0
DA:74,0
DA:77,0
DA:85,0
DA:88,0
DA:96,0
DA:101,0
DA:103,0
LF:16
LH:0
BRDA:27,0,0,0
BRDA:28,1,0,0
BRDA:28,1,1,0
BRDA:28,1,2,0
BRDA:28,1,3,0
BRDA:28,1,4,0
BRDA:28,1,5,0
BRDA:28,1,6,0
BRDA:28,1,7,0
BRDA:28,1,8,0
BRDA:28,1,9,0
BRDA:28,1,10,0
BRDA:77,2,0,0
BRDA:77,2,1,0
BRDA:88,3,0,0
BRDA:88,3,1,0
BRF:16
BRH:0
end_of_record
